The target system is: Linux -  - arm
The host system is: Linux - 3.12.1-gentoo - x86_64
Compiling the C compiler identification source file "CMakeCCompilerId.c" succeeded.
Compiler: /usr/bin/arm-none-linux-gnueabi-gcc 
Build flags: -isystem;/usr/arm-none-linux-gnueabi/libc/include;-mthumb;-mcpu=cortex-m0;-fno-builtin;-Wall;-std=gnu99
Id flags: 

The output was:
0


Compilation of the C compiler identification source "CMakeCCompilerId.c" produced "a.out"

The C compiler identification is GNU, found in "/home/tux/Programming/my_programm/Impulse/E6-27/e6-27_adc/build/CMakeFiles/2.8.12.1/CompilerIdC/a.out"

Compiling the CXX compiler identification source file "CMakeCXXCompilerId.cpp" succeeded.
Compiler: /usr/bin/arm-none-linux-gnueabi-g++ 
Build flags: -isystem;/usr/arm-none-linux-gnueabi/libc/include;-mthumb;-mcpu=cortex-m0;-fno-builtin;-Wall;
Id flags: 

The output was:
0


Compilation of the CXX compiler identification source "CMakeCXXCompilerId.cpp" produced "a.out"

The CXX compiler identification is GNU, found in "/home/tux/Programming/my_programm/Impulse/E6-27/e6-27_adc/build/CMakeFiles/2.8.12.1/CompilerIdCXX/a.out"

Determining if the C compiler works passed with the following output:
Change Dir: /home/tux/Programming/my_programm/Impulse/E6-27/e6-27_adc/build/CMakeFiles/CMakeTmp

Run Build Command:/usr/bin/gmake "cmTryCompileExec1150845181/fast"
/usr/bin/gmake -f CMakeFiles/cmTryCompileExec1150845181.dir/build.make CMakeFiles/cmTryCompileExec1150845181.dir/build
gmake[1]: вход в каталог «/home/tux/Programming/my_programm/Impulse/E6-27/e6-27_adc/build/CMakeFiles/CMakeTmp»
/usr/bin/cmake -E cmake_progress_report /home/tux/Programming/my_programm/Impulse/E6-27/e6-27_adc/build/CMakeFiles/CMakeTmp/CMakeFiles 1
Building C object CMakeFiles/cmTryCompileExec1150845181.dir/testCCompiler.c.o
/usr/bin/arm-none-linux-gnueabi-gcc   -isystem /usr/arm-none-linux-gnueabi/libc/include -mthumb -mcpu=cortex-m0 -fno-builtin -Wall -std=gnu99    -o CMakeFiles/cmTryCompileExec1150845181.dir/testCCompiler.c.o   -c /home/tux/Programming/my_programm/Impulse/E6-27/e6-27_adc/build/CMakeFiles/CMakeTmp/testCCompiler.c
Linking C executable cmTryCompileExec1150845181
/usr/bin/cmake -E cmake_link_script CMakeFiles/cmTryCompileExec1150845181.dir/link.txt --verbose=1
/usr/bin/arm-none-linux-gnueabi-gcc  -isystem /usr/arm-none-linux-gnueabi/libc/include -mthumb -mcpu=cortex-m0 -fno-builtin -Wall -std=gnu99   -nostartfiles -Wl,-Map -Wl,main.map -mthumb -mcpu=cortex-m0 CMakeFiles/cmTryCompileExec1150845181.dir/testCCompiler.c.o  -o cmTryCompileExec1150845181 -rdynamic 
/usr/libexec/gcc/arm-none-linux-gnueabi/ld: warning: cannot find entry symbol _start; defaulting to 00000000000082a0
gmake[1]: выход из каталога «/home/tux/Programming/my_programm/Impulse/E6-27/e6-27_adc/build/CMakeFiles/CMakeTmp»


Detecting C compiler ABI info compiled with the following output:
Change Dir: /home/tux/Programming/my_programm/Impulse/E6-27/e6-27_adc/build/CMakeFiles/CMakeTmp

Run Build Command:/usr/bin/gmake "cmTryCompileExec2359654898/fast"
/usr/bin/gmake -f CMakeFiles/cmTryCompileExec2359654898.dir/build.make CMakeFiles/cmTryCompileExec2359654898.dir/build
gmake[1]: вход в каталог «/home/tux/Programming/my_programm/Impulse/E6-27/e6-27_adc/build/CMakeFiles/CMakeTmp»
/usr/bin/cmake -E cmake_progress_report /home/tux/Programming/my_programm/Impulse/E6-27/e6-27_adc/build/CMakeFiles/CMakeTmp/CMakeFiles 1
Building C object CMakeFiles/cmTryCompileExec2359654898.dir/CMakeCCompilerABI.c.o
/usr/bin/arm-none-linux-gnueabi-gcc   -isystem /usr/arm-none-linux-gnueabi/libc/include -mthumb -mcpu=cortex-m0 -fno-builtin -Wall -std=gnu99    -o CMakeFiles/cmTryCompileExec2359654898.dir/CMakeCCompilerABI.c.o   -c /usr/share/cmake/Modules/CMakeCCompilerABI.c
Linking C executable cmTryCompileExec2359654898
/usr/bin/cmake -E cmake_link_script CMakeFiles/cmTryCompileExec2359654898.dir/link.txt --verbose=1
/usr/bin/arm-none-linux-gnueabi-gcc  -isystem /usr/arm-none-linux-gnueabi/libc/include -mthumb -mcpu=cortex-m0 -fno-builtin -Wall -std=gnu99   -v CMakeFiles/cmTryCompileExec2359654898.dir/CMakeCCompilerABI.c.o  -o cmTryCompileExec2359654898 -rdynamic  
Используются внутренние спецификации.
COLLECT_GCC=/usr/x86_64-pc-linux-gnu/arm-none-linux-gnueabi/gcc-bin/4.8.2/arm-none-linux-gnueabi-gcc
COLLECT_LTO_WRAPPER=/usr/libexec/gcc/arm-none-linux-gnueabi/4.8.2/lto-wrapper
Целевая архитектура: arm-none-linux-gnueabi
Параметры конфигурации: /var/tmp/portage/cross-arm-none-linux-gnueabi/gcc-4.8.2/work/gcc-4.8.2/configure --prefix=/usr --bindir=/usr/x86_64-pc-linux-gnu/arm-none-linux-gnueabi/gcc-bin/4.8.2 --includedir=/usr/lib/gcc/arm-none-linux-gnueabi/4.8.2/include --datadir=/usr/share/gcc-data/arm-none-linux-gnueabi/4.8.2 --mandir=/usr/share/gcc-data/arm-none-linux-gnueabi/4.8.2/man --infodir=/usr/share/gcc-data/arm-none-linux-gnueabi/4.8.2/info --with-gxx-include-dir=/usr/lib/gcc/arm-none-linux-gnueabi/4.8.2/include/g++-v4 --host=x86_64-pc-linux-gnu --target=arm-none-linux-gnueabi --build=x86_64-pc-linux-gnu --disable-altivec --disable-fixed-point --without-cloog --disable-lto --enable-nls --without-included-gettext --with-system-zlib --enable-obsolete --disable-werror --enable-secureplt --disable-multilib --disable-libmudflap --disable-libssp --enable-libgomp --with-python-dir=/share/gcc-data/arm-none-linux-gnueabi/4.8.2/python --enable-poison-system-directories --enable-checking=release --disable-libgcj --enable-libstdcxx-time --disable-libquadmath --enable-languages=c,c++ --with-sysroot=/usr/arm-none-linux-gnueabi --disable-bootstrap --enable-__cxa_atexit --enable-clocale=gnu --with-bugurl=http://bugs.gentoo.org/ --with-pkgversion='Gentoo 4.8.2 p1.0, pie-0.5.8'
Модель многопоточности: posix
gcc версия 4.8.2 (Gentoo 4.8.2 p1.0, pie-0.5.8) 
COMPILER_PATH=/usr/libexec/gcc/arm-none-linux-gnueabi/4.8.2/:/usr/libexec/gcc/arm-none-linux-gnueabi/4.8.2/:/usr/libexec/gcc/arm-none-linux-gnueabi/:/usr/lib/gcc/arm-none-linux-gnueabi/4.8.2/:/usr/lib/gcc/arm-none-linux-gnueabi/
LIBRARY_PATH=/usr/lib/gcc/arm-none-linux-gnueabi/4.8.2/:/usr/lib/gcc/arm-none-linux-gnueabi/4.8.2/../../../../arm-none-linux-gnueabi/lib/:/usr/arm-none-linux-gnueabi/lib/:/usr/arm-none-linux-gnueabi/usr/lib/
COLLECT_GCC_OPTIONS='-isystem' '/usr/arm-none-linux-gnueabi/libc/include' '-mthumb' '-mcpu=cortex-m0' '-fno-builtin' '-Wall' '-std=gnu99' '-v' '-o' 'cmTryCompileExec2359654898' '-rdynamic' '-mtls-dialect=gnu'
 /usr/libexec/gcc/arm-none-linux-gnueabi/4.8.2/collect2 --sysroot=/usr/arm-none-linux-gnueabi --eh-frame-hdr -export-dynamic -dynamic-linker /lib/ld-linux.so.3 -X -m armelf_linux_eabi -o cmTryCompileExec2359654898 /usr/arm-none-linux-gnueabi/usr/lib/crt1.o /usr/arm-none-linux-gnueabi/usr/lib/crti.o /usr/lib/gcc/arm-none-linux-gnueabi/4.8.2/crtbegin.o -L/usr/lib/gcc/arm-none-linux-gnueabi/4.8.2 -L/usr/lib/gcc/arm-none-linux-gnueabi/4.8.2/../../../../arm-none-linux-gnueabi/lib -L/usr/arm-none-linux-gnueabi/lib -L/usr/arm-none-linux-gnueabi/usr/lib CMakeFiles/cmTryCompileExec2359654898.dir/CMakeCCompilerABI.c.o -lgcc --as-needed -lgcc_s --no-as-needed -lc -lgcc --as-needed -lgcc_s --no-as-needed /usr/lib/gcc/arm-none-linux-gnueabi/4.8.2/crtend.o /usr/arm-none-linux-gnueabi/usr/lib/crtn.o
gmake[1]: выход из каталога «/home/tux/Programming/my_programm/Impulse/E6-27/e6-27_adc/build/CMakeFiles/CMakeTmp»


Parsed C implicit link information from above output:
  link line regex: [^( *|.*[/\])(arm-none-linux-gnueabi-ld|([^/\]+-)?ld|collect2)[^/\]*( |$)]
  ignore line: [Change Dir: /home/tux/Programming/my_programm/Impulse/E6-27/e6-27_adc/build/CMakeFiles/CMakeTmp]
  ignore line: []
  ignore line: [Run Build Command:/usr/bin/gmake "cmTryCompileExec2359654898/fast"]
  ignore line: [/usr/bin/gmake -f CMakeFiles/cmTryCompileExec2359654898.dir/build.make CMakeFiles/cmTryCompileExec2359654898.dir/build]
  ignore line: [gmake[1]: вход в каталог «/home/tux/Programming/my_programm/Impulse/E6-27/e6-27_adc/build/CMakeFiles/CMakeTmp»]
  ignore line: [/usr/bin/cmake -E cmake_progress_report /home/tux/Programming/my_programm/Impulse/E6-27/e6-27_adc/build/CMakeFiles/CMakeTmp/CMakeFiles 1]
  ignore line: [Building C object CMakeFiles/cmTryCompileExec2359654898.dir/CMakeCCompilerABI.c.o]
  ignore line: [/usr/bin/arm-none-linux-gnueabi-gcc   -isystem /usr/arm-none-linux-gnueabi/libc/include -mthumb -mcpu=cortex-m0 -fno-builtin -Wall -std=gnu99    -o CMakeFiles/cmTryCompileExec2359654898.dir/CMakeCCompilerABI.c.o   -c /usr/share/cmake/Modules/CMakeCCompilerABI.c]
  ignore line: [Linking C executable cmTryCompileExec2359654898]
  ignore line: [/usr/bin/cmake -E cmake_link_script CMakeFiles/cmTryCompileExec2359654898.dir/link.txt --verbose=1]
  ignore line: [/usr/bin/arm-none-linux-gnueabi-gcc  -isystem /usr/arm-none-linux-gnueabi/libc/include -mthumb -mcpu=cortex-m0 -fno-builtin -Wall -std=gnu99   -v CMakeFiles/cmTryCompileExec2359654898.dir/CMakeCCompilerABI.c.o  -o cmTryCompileExec2359654898 -rdynamic  ]
  ignore line: [Используются внутренние спецификации.]
  ignore line: [COLLECT_GCC=/usr/x86_64-pc-linux-gnu/arm-none-linux-gnueabi/gcc-bin/4.8.2/arm-none-linux-gnueabi-gcc]
  ignore line: [COLLECT_LTO_WRAPPER=/usr/libexec/gcc/arm-none-linux-gnueabi/4.8.2/lto-wrapper]
  ignore line: [Целевая архитектура: arm-none-linux-gnueabi]
  ignore line: [Параметры конфигурации: /var/tmp/portage/cross-arm-none-linux-gnueabi/gcc-4.8.2/work/gcc-4.8.2/configure --prefix=/usr --bindir=/usr/x86_64-pc-linux-gnu/arm-none-linux-gnueabi/gcc-bin/4.8.2 --includedir=/usr/lib/gcc/arm-none-linux-gnueabi/4.8.2/include --datadir=/usr/share/gcc-data/arm-none-linux-gnueabi/4.8.2 --mandir=/usr/share/gcc-data/arm-none-linux-gnueabi/4.8.2/man --infodir=/usr/share/gcc-data/arm-none-linux-gnueabi/4.8.2/info --with-gxx-include-dir=/usr/lib/gcc/arm-none-linux-gnueabi/4.8.2/include/g++-v4 --host=x86_64-pc-linux-gnu --target=arm-none-linux-gnueabi --build=x86_64-pc-linux-gnu --disable-altivec --disable-fixed-point --without-cloog --disable-lto --enable-nls --without-included-gettext --with-system-zlib --enable-obsolete --disable-werror --enable-secureplt --disable-multilib --disable-libmudflap --disable-libssp --enable-libgomp --with-python-dir=/share/gcc-data/arm-none-linux-gnueabi/4.8.2/python --enable-poison-system-directories --enable-checking=release --disable-libgcj --enable-libstdcxx-time --disable-libquadmath --enable-languages=c,c++ --with-sysroot=/usr/arm-none-linux-gnueabi --disable-bootstrap --enable-__cxa_atexit --enable-clocale=gnu --with-bugurl=http://bugs.gentoo.org/ --with-pkgversion='Gentoo 4.8.2 p1.0, pie-0.5.8']
  ignore line: [Модель многопоточности: posix]
  ignore line: [gcc версия 4.8.2 (Gentoo 4.8.2 p1.0, pie-0.5.8) ]
  ignore line: [COMPILER_PATH=/usr/libexec/gcc/arm-none-linux-gnueabi/4.8.2/:/usr/libexec/gcc/arm-none-linux-gnueabi/4.8.2/:/usr/libexec/gcc/arm-none-linux-gnueabi/:/usr/lib/gcc/arm-none-linux-gnueabi/4.8.2/:/usr/lib/gcc/arm-none-linux-gnueabi/]
  ignore line: [LIBRARY_PATH=/usr/lib/gcc/arm-none-linux-gnueabi/4.8.2/:/usr/lib/gcc/arm-none-linux-gnueabi/4.8.2/../../../../arm-none-linux-gnueabi/lib/:/usr/arm-none-linux-gnueabi/lib/:/usr/arm-none-linux-gnueabi/usr/lib/]
  ignore line: [COLLECT_GCC_OPTIONS='-isystem' '/usr/arm-none-linux-gnueabi/libc/include' '-mthumb' '-mcpu=cortex-m0' '-fno-builtin' '-Wall' '-std=gnu99' '-v' '-o' 'cmTryCompileExec2359654898' '-rdynamic' '-mtls-dialect=gnu']
  link line: [ /usr/libexec/gcc/arm-none-linux-gnueabi/4.8.2/collect2 --sysroot=/usr/arm-none-linux-gnueabi --eh-frame-hdr -export-dynamic -dynamic-linker /lib/ld-linux.so.3 -X -m armelf_linux_eabi -o cmTryCompileExec2359654898 /usr/arm-none-linux-gnueabi/usr/lib/crt1.o /usr/arm-none-linux-gnueabi/usr/lib/crti.o /usr/lib/gcc/arm-none-linux-gnueabi/4.8.2/crtbegin.o -L/usr/lib/gcc/arm-none-linux-gnueabi/4.8.2 -L/usr/lib/gcc/arm-none-linux-gnueabi/4.8.2/../../../../arm-none-linux-gnueabi/lib -L/usr/arm-none-linux-gnueabi/lib -L/usr/arm-none-linux-gnueabi/usr/lib CMakeFiles/cmTryCompileExec2359654898.dir/CMakeCCompilerABI.c.o -lgcc --as-needed -lgcc_s --no-as-needed -lc -lgcc --as-needed -lgcc_s --no-as-needed /usr/lib/gcc/arm-none-linux-gnueabi/4.8.2/crtend.o /usr/arm-none-linux-gnueabi/usr/lib/crtn.o]
    arg [/usr/libexec/gcc/arm-none-linux-gnueabi/4.8.2/collect2] ==> ignore
    arg [--sysroot=/usr/arm-none-linux-gnueabi] ==> ignore
    arg [--eh-frame-hdr] ==> ignore
    arg [-export-dynamic] ==> ignore
    arg [-dynamic-linker] ==> ignore
    arg [/lib/ld-linux.so.3] ==> ignore
    arg [-X] ==> ignore
    arg [-m] ==> ignore
    arg [armelf_linux_eabi] ==> ignore
    arg [-o] ==> ignore
    arg [cmTryCompileExec2359654898] ==> ignore
    arg [/usr/arm-none-linux-gnueabi/usr/lib/crt1.o] ==> ignore
    arg [/usr/arm-none-linux-gnueabi/usr/lib/crti.o] ==> ignore
    arg [/usr/lib/gcc/arm-none-linux-gnueabi/4.8.2/crtbegin.o] ==> ignore
    arg [-L/usr/lib/gcc/arm-none-linux-gnueabi/4.8.2] ==> dir [/usr/lib/gcc/arm-none-linux-gnueabi/4.8.2]
    arg [-L/usr/lib/gcc/arm-none-linux-gnueabi/4.8.2/../../../../arm-none-linux-gnueabi/lib] ==> dir [/usr/lib/gcc/arm-none-linux-gnueabi/4.8.2/../../../../arm-none-linux-gnueabi/lib]
    arg [-L/usr/arm-none-linux-gnueabi/lib] ==> dir [/usr/arm-none-linux-gnueabi/lib]
    arg [-L/usr/arm-none-linux-gnueabi/usr/lib] ==> dir [/usr/arm-none-linux-gnueabi/usr/lib]
    arg [CMakeFiles/cmTryCompileExec2359654898.dir/CMakeCCompilerABI.c.o] ==> ignore
    arg [-lgcc] ==> lib [gcc]
    arg [--as-needed] ==> ignore
    arg [-lgcc_s] ==> lib [gcc_s]
    arg [--no-as-needed] ==> ignore
    arg [-lc] ==> lib [c]
    arg [-lgcc] ==> lib [gcc]
    arg [--as-needed] ==> ignore
    arg [-lgcc_s] ==> lib [gcc_s]
    arg [--no-as-needed] ==> ignore
    arg [/usr/lib/gcc/arm-none-linux-gnueabi/4.8.2/crtend.o] ==> ignore
    arg [/usr/arm-none-linux-gnueabi/usr/lib/crtn.o] ==> ignore
  remove lib [gcc]
  remove lib [gcc_s]
  remove lib [gcc]
  remove lib [gcc_s]
  collapse library dir [/usr/lib/gcc/arm-none-linux-gnueabi/4.8.2] ==> [/usr/lib/gcc/arm-none-linux-gnueabi/4.8.2]
  collapse library dir [/usr/lib/gcc/arm-none-linux-gnueabi/4.8.2/../../../../arm-none-linux-gnueabi/lib] ==> [/usr/arm-none-linux-gnueabi/lib]
  collapse library dir [/usr/arm-none-linux-gnueabi/lib] ==> [/usr/arm-none-linux-gnueabi/lib]
  collapse library dir [/usr/arm-none-linux-gnueabi/usr/lib] ==> [/usr/arm-none-linux-gnueabi/usr/lib]
  implicit libs: [c]
  implicit dirs: [/usr/lib/gcc/arm-none-linux-gnueabi/4.8.2;/usr/arm-none-linux-gnueabi/lib;/usr/arm-none-linux-gnueabi/usr/lib]
  implicit fwks: []


Determining if the CXX compiler works passed with the following output:
Change Dir: /home/tux/Programming/my_programm/Impulse/E6-27/e6-27_adc/build/CMakeFiles/CMakeTmp

Run Build Command:/usr/bin/gmake "cmTryCompileExec521411745/fast"
/usr/bin/gmake -f CMakeFiles/cmTryCompileExec521411745.dir/build.make CMakeFiles/cmTryCompileExec521411745.dir/build
gmake[1]: вход в каталог «/home/tux/Programming/my_programm/Impulse/E6-27/e6-27_adc/build/CMakeFiles/CMakeTmp»
/usr/bin/cmake -E cmake_progress_report /home/tux/Programming/my_programm/Impulse/E6-27/e6-27_adc/build/CMakeFiles/CMakeTmp/CMakeFiles 1
Building CXX object CMakeFiles/cmTryCompileExec521411745.dir/testCXXCompiler.cxx.o
/usr/bin/arm-none-linux-gnueabi-g++    -isystem /usr/arm-none-linux-gnueabi/libc/include -mthumb -mcpu=cortex-m0 -fno-builtin -Wall     -o CMakeFiles/cmTryCompileExec521411745.dir/testCXXCompiler.cxx.o -c /home/tux/Programming/my_programm/Impulse/E6-27/e6-27_adc/build/CMakeFiles/CMakeTmp/testCXXCompiler.cxx
Linking CXX executable cmTryCompileExec521411745
/usr/bin/cmake -E cmake_link_script CMakeFiles/cmTryCompileExec521411745.dir/link.txt --verbose=1
/usr/bin/arm-none-linux-gnueabi-g++   -isystem /usr/arm-none-linux-gnueabi/libc/include -mthumb -mcpu=cortex-m0 -fno-builtin -Wall    -nostartfiles -Wl,-Map -Wl,main.map -mthumb -mcpu=cortex-m0 CMakeFiles/cmTryCompileExec521411745.dir/testCXXCompiler.cxx.o  -o cmTryCompileExec521411745 -rdynamic 
/usr/libexec/gcc/arm-none-linux-gnueabi/ld: warning: cannot find entry symbol _start; defaulting to 00000000000082e8
gmake[1]: выход из каталога «/home/tux/Programming/my_programm/Impulse/E6-27/e6-27_adc/build/CMakeFiles/CMakeTmp»


Detecting CXX compiler ABI info compiled with the following output:
Change Dir: /home/tux/Programming/my_programm/Impulse/E6-27/e6-27_adc/build/CMakeFiles/CMakeTmp

Run Build Command:/usr/bin/gmake "cmTryCompileExec4041288436/fast"
/usr/bin/gmake -f CMakeFiles/cmTryCompileExec4041288436.dir/build.make CMakeFiles/cmTryCompileExec4041288436.dir/build
gmake[1]: вход в каталог «/home/tux/Programming/my_programm/Impulse/E6-27/e6-27_adc/build/CMakeFiles/CMakeTmp»
/usr/bin/cmake -E cmake_progress_report /home/tux/Programming/my_programm/Impulse/E6-27/e6-27_adc/build/CMakeFiles/CMakeTmp/CMakeFiles 1
Building CXX object CMakeFiles/cmTryCompileExec4041288436.dir/CMakeCXXCompilerABI.cpp.o
/usr/bin/arm-none-linux-gnueabi-g++    -isystem /usr/arm-none-linux-gnueabi/libc/include -mthumb -mcpu=cortex-m0 -fno-builtin -Wall     -o CMakeFiles/cmTryCompileExec4041288436.dir/CMakeCXXCompilerABI.cpp.o -c /usr/share/cmake/Modules/CMakeCXXCompilerABI.cpp
Linking CXX executable cmTryCompileExec4041288436
/usr/bin/cmake -E cmake_link_script CMakeFiles/cmTryCompileExec4041288436.dir/link.txt --verbose=1
/usr/bin/arm-none-linux-gnueabi-g++   -isystem /usr/arm-none-linux-gnueabi/libc/include -mthumb -mcpu=cortex-m0 -fno-builtin -Wall    -v CMakeFiles/cmTryCompileExec4041288436.dir/CMakeCXXCompilerABI.cpp.o  -o cmTryCompileExec4041288436 -rdynamic  
Используются внутренние спецификации.
COLLECT_GCC=/usr/x86_64-pc-linux-gnu/arm-none-linux-gnueabi/gcc-bin/4.8.2/arm-none-linux-gnueabi-g++
COLLECT_LTO_WRAPPER=/usr/libexec/gcc/arm-none-linux-gnueabi/4.8.2/lto-wrapper
Целевая архитектура: arm-none-linux-gnueabi
Параметры конфигурации: /var/tmp/portage/cross-arm-none-linux-gnueabi/gcc-4.8.2/work/gcc-4.8.2/configure --prefix=/usr --bindir=/usr/x86_64-pc-linux-gnu/arm-none-linux-gnueabi/gcc-bin/4.8.2 --includedir=/usr/lib/gcc/arm-none-linux-gnueabi/4.8.2/include --datadir=/usr/share/gcc-data/arm-none-linux-gnueabi/4.8.2 --mandir=/usr/share/gcc-data/arm-none-linux-gnueabi/4.8.2/man --infodir=/usr/share/gcc-data/arm-none-linux-gnueabi/4.8.2/info --with-gxx-include-dir=/usr/lib/gcc/arm-none-linux-gnueabi/4.8.2/include/g++-v4 --host=x86_64-pc-linux-gnu --target=arm-none-linux-gnueabi --build=x86_64-pc-linux-gnu --disable-altivec --disable-fixed-point --without-cloog --disable-lto --enable-nls --without-included-gettext --with-system-zlib --enable-obsolete --disable-werror --enable-secureplt --disable-multilib --disable-libmudflap --disable-libssp --enable-libgomp --with-python-dir=/share/gcc-data/arm-none-linux-gnueabi/4.8.2/python --enable-poison-system-directories --enable-checking=release --disable-libgcj --enable-libstdcxx-time --disable-libquadmath --enable-languages=c,c++ --with-sysroot=/usr/arm-none-linux-gnueabi --disable-bootstrap --enable-__cxa_atexit --enable-clocale=gnu --with-bugurl=http://bugs.gentoo.org/ --with-pkgversion='Gentoo 4.8.2 p1.0, pie-0.5.8'
Модель многопоточности: posix
gcc версия 4.8.2 (Gentoo 4.8.2 p1.0, pie-0.5.8) 
COMPILER_PATH=/usr/libexec/gcc/arm-none-linux-gnueabi/4.8.2/:/usr/libexec/gcc/arm-none-linux-gnueabi/4.8.2/:/usr/libexec/gcc/arm-none-linux-gnueabi/:/usr/lib/gcc/arm-none-linux-gnueabi/4.8.2/:/usr/lib/gcc/arm-none-linux-gnueabi/
LIBRARY_PATH=/usr/lib/gcc/arm-none-linux-gnueabi/4.8.2/:/usr/lib/gcc/arm-none-linux-gnueabi/4.8.2/../../../../arm-none-linux-gnueabi/lib/:/usr/arm-none-linux-gnueabi/lib/:/usr/arm-none-linux-gnueabi/usr/lib/
COLLECT_GCC_OPTIONS='-isystem' '/usr/arm-none-linux-gnueabi/libc/include' '-mthumb' '-mcpu=cortex-m0' '-fno-builtin' '-Wall' '-v' '-o' 'cmTryCompileExec4041288436' '-rdynamic' '-shared-libgcc' '-mtls-dialect=gnu'
 /usr/libexec/gcc/arm-none-linux-gnueabi/4.8.2/collect2 --sysroot=/usr/arm-none-linux-gnueabi --eh-frame-hdr -export-dynamic -dynamic-linker /lib/ld-linux.so.3 -X -m armelf_linux_eabi -o cmTryCompileExec4041288436 /usr/arm-none-linux-gnueabi/usr/lib/crt1.o /usr/arm-none-linux-gnueabi/usr/lib/crti.o /usr/lib/gcc/arm-none-linux-gnueabi/4.8.2/crtbegin.o -L/usr/lib/gcc/arm-none-linux-gnueabi/4.8.2 -L/usr/lib/gcc/arm-none-linux-gnueabi/4.8.2/../../../../arm-none-linux-gnueabi/lib -L/usr/arm-none-linux-gnueabi/lib -L/usr/arm-none-linux-gnueabi/usr/lib CMakeFiles/cmTryCompileExec4041288436.dir/CMakeCXXCompilerABI.cpp.o -lstdc++ -lm -lgcc_s -lgcc -lc -lgcc_s -lgcc /usr/lib/gcc/arm-none-linux-gnueabi/4.8.2/crtend.o /usr/arm-none-linux-gnueabi/usr/lib/crtn.o
gmake[1]: выход из каталога «/home/tux/Programming/my_programm/Impulse/E6-27/e6-27_adc/build/CMakeFiles/CMakeTmp»


Parsed CXX implicit link information from above output:
  link line regex: [^( *|.*[/\])(arm-none-linux-gnueabi-ld|([^/\]+-)?ld|collect2)[^/\]*( |$)]
  ignore line: [Change Dir: /home/tux/Programming/my_programm/Impulse/E6-27/e6-27_adc/build/CMakeFiles/CMakeTmp]
  ignore line: []
  ignore line: [Run Build Command:/usr/bin/gmake "cmTryCompileExec4041288436/fast"]
  ignore line: [/usr/bin/gmake -f CMakeFiles/cmTryCompileExec4041288436.dir/build.make CMakeFiles/cmTryCompileExec4041288436.dir/build]
  ignore line: [gmake[1]: вход в каталог «/home/tux/Programming/my_programm/Impulse/E6-27/e6-27_adc/build/CMakeFiles/CMakeTmp»]
  ignore line: [/usr/bin/cmake -E cmake_progress_report /home/tux/Programming/my_programm/Impulse/E6-27/e6-27_adc/build/CMakeFiles/CMakeTmp/CMakeFiles 1]
  ignore line: [Building CXX object CMakeFiles/cmTryCompileExec4041288436.dir/CMakeCXXCompilerABI.cpp.o]
  ignore line: [/usr/bin/arm-none-linux-gnueabi-g++    -isystem /usr/arm-none-linux-gnueabi/libc/include -mthumb -mcpu=cortex-m0 -fno-builtin -Wall     -o CMakeFiles/cmTryCompileExec4041288436.dir/CMakeCXXCompilerABI.cpp.o -c /usr/share/cmake/Modules/CMakeCXXCompilerABI.cpp]
  ignore line: [Linking CXX executable cmTryCompileExec4041288436]
  ignore line: [/usr/bin/cmake -E cmake_link_script CMakeFiles/cmTryCompileExec4041288436.dir/link.txt --verbose=1]
  ignore line: [/usr/bin/arm-none-linux-gnueabi-g++   -isystem /usr/arm-none-linux-gnueabi/libc/include -mthumb -mcpu=cortex-m0 -fno-builtin -Wall    -v CMakeFiles/cmTryCompileExec4041288436.dir/CMakeCXXCompilerABI.cpp.o  -o cmTryCompileExec4041288436 -rdynamic  ]
  ignore line: [Используются внутренние спецификации.]
  ignore line: [COLLECT_GCC=/usr/x86_64-pc-linux-gnu/arm-none-linux-gnueabi/gcc-bin/4.8.2/arm-none-linux-gnueabi-g++]
  ignore line: [COLLECT_LTO_WRAPPER=/usr/libexec/gcc/arm-none-linux-gnueabi/4.8.2/lto-wrapper]
  ignore line: [Целевая архитектура: arm-none-linux-gnueabi]
  ignore line: [Параметры конфигурации: /var/tmp/portage/cross-arm-none-linux-gnueabi/gcc-4.8.2/work/gcc-4.8.2/configure --prefix=/usr --bindir=/usr/x86_64-pc-linux-gnu/arm-none-linux-gnueabi/gcc-bin/4.8.2 --includedir=/usr/lib/gcc/arm-none-linux-gnueabi/4.8.2/include --datadir=/usr/share/gcc-data/arm-none-linux-gnueabi/4.8.2 --mandir=/usr/share/gcc-data/arm-none-linux-gnueabi/4.8.2/man --infodir=/usr/share/gcc-data/arm-none-linux-gnueabi/4.8.2/info --with-gxx-include-dir=/usr/lib/gcc/arm-none-linux-gnueabi/4.8.2/include/g++-v4 --host=x86_64-pc-linux-gnu --target=arm-none-linux-gnueabi --build=x86_64-pc-linux-gnu --disable-altivec --disable-fixed-point --without-cloog --disable-lto --enable-nls --without-included-gettext --with-system-zlib --enable-obsolete --disable-werror --enable-secureplt --disable-multilib --disable-libmudflap --disable-libssp --enable-libgomp --with-python-dir=/share/gcc-data/arm-none-linux-gnueabi/4.8.2/python --enable-poison-system-directories --enable-checking=release --disable-libgcj --enable-libstdcxx-time --disable-libquadmath --enable-languages=c,c++ --with-sysroot=/usr/arm-none-linux-gnueabi --disable-bootstrap --enable-__cxa_atexit --enable-clocale=gnu --with-bugurl=http://bugs.gentoo.org/ --with-pkgversion='Gentoo 4.8.2 p1.0, pie-0.5.8']
  ignore line: [Модель многопоточности: posix]
  ignore line: [gcc версия 4.8.2 (Gentoo 4.8.2 p1.0, pie-0.5.8) ]
  ignore line: [COMPILER_PATH=/usr/libexec/gcc/arm-none-linux-gnueabi/4.8.2/:/usr/libexec/gcc/arm-none-linux-gnueabi/4.8.2/:/usr/libexec/gcc/arm-none-linux-gnueabi/:/usr/lib/gcc/arm-none-linux-gnueabi/4.8.2/:/usr/lib/gcc/arm-none-linux-gnueabi/]
  ignore line: [LIBRARY_PATH=/usr/lib/gcc/arm-none-linux-gnueabi/4.8.2/:/usr/lib/gcc/arm-none-linux-gnueabi/4.8.2/../../../../arm-none-linux-gnueabi/lib/:/usr/arm-none-linux-gnueabi/lib/:/usr/arm-none-linux-gnueabi/usr/lib/]
  ignore line: [COLLECT_GCC_OPTIONS='-isystem' '/usr/arm-none-linux-gnueabi/libc/include' '-mthumb' '-mcpu=cortex-m0' '-fno-builtin' '-Wall' '-v' '-o' 'cmTryCompileExec4041288436' '-rdynamic' '-shared-libgcc' '-mtls-dialect=gnu']
  link line: [ /usr/libexec/gcc/arm-none-linux-gnueabi/4.8.2/collect2 --sysroot=/usr/arm-none-linux-gnueabi --eh-frame-hdr -export-dynamic -dynamic-linker /lib/ld-linux.so.3 -X -m armelf_linux_eabi -o cmTryCompileExec4041288436 /usr/arm-none-linux-gnueabi/usr/lib/crt1.o /usr/arm-none-linux-gnueabi/usr/lib/crti.o /usr/lib/gcc/arm-none-linux-gnueabi/4.8.2/crtbegin.o -L/usr/lib/gcc/arm-none-linux-gnueabi/4.8.2 -L/usr/lib/gcc/arm-none-linux-gnueabi/4.8.2/../../../../arm-none-linux-gnueabi/lib -L/usr/arm-none-linux-gnueabi/lib -L/usr/arm-none-linux-gnueabi/usr/lib CMakeFiles/cmTryCompileExec4041288436.dir/CMakeCXXCompilerABI.cpp.o -lstdc++ -lm -lgcc_s -lgcc -lc -lgcc_s -lgcc /usr/lib/gcc/arm-none-linux-gnueabi/4.8.2/crtend.o /usr/arm-none-linux-gnueabi/usr/lib/crtn.o]
    arg [/usr/libexec/gcc/arm-none-linux-gnueabi/4.8.2/collect2] ==> ignore
    arg [--sysroot=/usr/arm-none-linux-gnueabi] ==> ignore
    arg [--eh-frame-hdr] ==> ignore
    arg [-export-dynamic] ==> ignore
    arg [-dynamic-linker] ==> ignore
    arg [/lib/ld-linux.so.3] ==> ignore
    arg [-X] ==> ignore
    arg [-m] ==> ignore
    arg [armelf_linux_eabi] ==> ignore
    arg [-o] ==> ignore
    arg [cmTryCompileExec4041288436] ==> ignore
    arg [/usr/arm-none-linux-gnueabi/usr/lib/crt1.o] ==> ignore
    arg [/usr/arm-none-linux-gnueabi/usr/lib/crti.o] ==> ignore
    arg [/usr/lib/gcc/arm-none-linux-gnueabi/4.8.2/crtbegin.o] ==> ignore
    arg [-L/usr/lib/gcc/arm-none-linux-gnueabi/4.8.2] ==> dir [/usr/lib/gcc/arm-none-linux-gnueabi/4.8.2]
    arg [-L/usr/lib/gcc/arm-none-linux-gnueabi/4.8.2/../../../../arm-none-linux-gnueabi/lib] ==> dir [/usr/lib/gcc/arm-none-linux-gnueabi/4.8.2/../../../../arm-none-linux-gnueabi/lib]
    arg [-L/usr/arm-none-linux-gnueabi/lib] ==> dir [/usr/arm-none-linux-gnueabi/lib]
    arg [-L/usr/arm-none-linux-gnueabi/usr/lib] ==> dir [/usr/arm-none-linux-gnueabi/usr/lib]
    arg [CMakeFiles/cmTryCompileExec4041288436.dir/CMakeCXXCompilerABI.cpp.o] ==> ignore
    arg [-lstdc++] ==> lib [stdc++]
    arg [-lm] ==> lib [m]
    arg [-lgcc_s] ==> lib [gcc_s]
    arg [-lgcc] ==> lib [gcc]
    arg [-lc] ==> lib [c]
    arg [-lgcc_s] ==> lib [gcc_s]
    arg [-lgcc] ==> lib [gcc]
    arg [/usr/lib/gcc/arm-none-linux-gnueabi/4.8.2/crtend.o] ==> ignore
    arg [/usr/arm-none-linux-gnueabi/usr/lib/crtn.o] ==> ignore
  remove lib [gcc_s]
  remove lib [gcc]
  remove lib [gcc_s]
  remove lib [gcc]
  collapse library dir [/usr/lib/gcc/arm-none-linux-gnueabi/4.8.2] ==> [/usr/lib/gcc/arm-none-linux-gnueabi/4.8.2]
  collapse library dir [/usr/lib/gcc/arm-none-linux-gnueabi/4.8.2/../../../../arm-none-linux-gnueabi/lib] ==> [/usr/arm-none-linux-gnueabi/lib]
  collapse library dir [/usr/arm-none-linux-gnueabi/lib] ==> [/usr/arm-none-linux-gnueabi/lib]
  collapse library dir [/usr/arm-none-linux-gnueabi/usr/lib] ==> [/usr/arm-none-linux-gnueabi/usr/lib]
  implicit libs: [stdc++;m;c]
  implicit dirs: [/usr/lib/gcc/arm-none-linux-gnueabi/4.8.2;/usr/arm-none-linux-gnueabi/lib;/usr/arm-none-linux-gnueabi/usr/lib]
  implicit fwks: []


Checking whether the ASM compiler is GNU using "--version" matched "(GNU assembler)|(GCC)|(Free Software Foundation)":
GNU ассемблер (GNU Binutils) 2.23.2
Copyright 2012 Free Software Foundation, Inc.
Эта программа является открытым программным обеспечением; вы можете
распространять её согласно условиям GNU General Public License версии 3 или
более новой версии.
Эта программа не имеет абсолютно никаких гарантий.
Ассемблер настроен на цель arm-none-linux-gnueabi.
